2014/10/01 23:52:36 [error] [php] Undefined variable: layout (C:\xampp\htdocs\inventario\protected\controllers\SiteController.php:30)
Stack trace:
#0 C:\xampp\htdocs\yii\framework\web\CController.php(286): SiteController->runAction()
#1 C:\xampp\htdocs\yii\framework\web\CController.php(265): SiteController->runActionWithFilters()
#2 C:\xampp\htdocs\yii\framework\web\CWebApplication.php(282): SiteController->run()
#3 C:\xampp\htdocs\yii\framework\web\CWebApplication.php(141): CWebApplication->runController()
#4 C:\xampp\htdocs\yii\framework\base\CApplication.php(180): CWebApplication->processRequest()
#5 C:\xampp\htdocs\inventario\index.php(13): CWebApplication->run()
REQUEST_URI=/inventario/
in C:\xampp\htdocs\inventario\protected\controllers\SiteController.php (30)
in C:\xampp\htdocs\inventario\index.php (13)
2014/10/02 16:20:24 [error] [exception.CException] exception 'CException' with message 'CAssetManager.basePath "C:\xampp\htdocs\inventario\assets" is invalid. Please make sure the directory exists and is writable by the Web server process.' in C:\xampp\htdocs\yii\framework\web\CAssetManager.php:138
Stack trace:
#0 C:\xampp\htdocs\yii\framework\web\CAssetManager.php(123): CAssetManager->setBasePath('C:\\xampp\\htdocs...')
#1 C:\xampp\htdocs\yii\framework\web\CAssetManager.php(217): CAssetManager->getBasePath()
#2 C:\xampp\htdocs\yii\framework\gii\GiiModule.php(143): CAssetManager->publish('C:\\xampp\\htdocs...')
#3 C:\xampp\htdocs\yii\framework\base\CComponent.php(111): GiiModule->getAssetsUrl()
#4 C:\xampp\htdocs\yii\framework\base\CModule.php(105): CComponent->__get('assetsUrl')
#5 C:\xampp\htdocs\yii\framework\gii\views\layouts\main.php(5): CModule->__get('assetsUrl')
#6 C:\xampp\htdocs\yii\framework\web\CBaseController.php(126): require('C:\\xampp\\htdocs...')
#7 C:\xampp\htdocs\yii\framework\web\CBaseController.php(95): CBaseController->renderInternal('C:\\xampp\\htdocs...', Array, true)
#8 C:\xampp\htdocs\yii\framework\web\widgets\CContentDecorator.php(76): CBaseController->renderFile('C:\\xampp\\htdocs...', Array, true)
#9 C:\xampp\htdocs\yii\framework\web\widgets\CContentDecorator.php(54): CContentDecorator->decorate('<div class="con...')
#10 C:\xampp\htdocs\yii\framework\web\widgets\COutputProcessor.php(44): CContentDecorator->processOutput('<div class="con...')
#11 C:\xampp\htdocs\yii\framework\web\CBaseController.php(206): COutputProcessor->run()
#12 C:\xampp\htdocs\yii\framework\web\CBaseController.php(300): CBaseController->endWidget('CContentDecorat...')
#13 C:\xampp\htdocs\yii\framework\gii\views\layouts\column1.php(7): CBaseController->endContent()
#14 C:\xampp\htdocs\yii\framework\web\CBaseController.php(126): require('C:\\xampp\\htdocs...')
#15 C:\xampp\htdocs\yii\framework\web\CBaseController.php(95): CBaseController->renderInternal('C:\\xampp\\htdocs...', Array, true)
#16 C:\xampp\htdocs\yii\framework\web\CController.php(784): CBaseController->renderFile('C:\\xampp\\htdocs...', Array, true)
#17 C:\xampp\htdocs\yii\framework\gii\controllers\DefaultController.php(47): CController->render('login', Array)
#18 C:\xampp\htdocs\yii\framework\web\actions\CInlineAction.php(49): DefaultController->actionLogin()
#19 C:\xampp\htdocs\yii\framework\web\CController.php(308): CInlineAction->runWithParams(Array)
#20 C:\xampp\htdocs\yii\framework\web\CController.php(286): CController->runAction(Object(CInlineAction))
#21 C:\xampp\htdocs\yii\framework\web\CController.php(265): CController->runActionWithFilters(Object(CInlineAction), Array)
#22 C:\xampp\htdocs\yii\framework\web\CWebApplication.php(282): CController->run('login')
#23 C:\xampp\htdocs\yii\framework\web\CWebApplication.php(141): CWebApplication->runController('gii/default/log...')
#24 C:\xampp\htdocs\yii\framework\base\CApplication.php(180): CWebApplication->processRequest()
#25 C:\xampp\htdocs\inventario\index.php(13): CApplication->run()
#26 {main}
REQUEST_URI=/inventario/gii/default/login
---
2014/10/02 16:21:11 [error] [exception.CException] exception 'CException' with message 'CAssetManager.basePath "C:\xampp\htdocs\inventario\assets" is invalid. Please make sure the directory exists and is writable by the Web server process.' in C:\xampp\htdocs\yii\framework\web\CAssetManager.php:138
Stack trace:
#0 C:\xampp\htdocs\yii\framework\web\CAssetManager.php(123): CAssetManager->setBasePath('C:\\xampp\\htdocs...')
#1 C:\xampp\htdocs\yii\framework\web\CAssetManager.php(217): CAssetManager->getBasePath()
#2 C:\xampp\htdocs\yii\framework\gii\GiiModule.php(143): CAssetManager->publish('C:\\xampp\\htdocs...')
#3 C:\xampp\htdocs\yii\framework\base\CComponent.php(111): GiiModule->getAssetsUrl()
#4 C:\xampp\htdocs\yii\framework\base\CModule.php(105): CComponent->__get('assetsUrl')
#5 C:\xampp\htdocs\yii\framework\gii\views\layouts\main.php(5): CModule->__get('assetsUrl')
#6 C:\xampp\htdocs\yii\framework\web\CBaseController.php(126): require('C:\\xampp\\htdocs...')
#7 C:\xampp\htdocs\yii\framework\web\CBaseController.php(95): CBaseController->renderInternal('C:\\xampp\\htdocs...', Array, true)
#8 C:\xampp\htdocs\yii\framework\web\widgets\CContentDecorator.php(76): CBaseController->renderFile('C:\\xampp\\htdocs...', Array, true)
#9 C:\xampp\htdocs\yii\framework\web\widgets\CContentDecorator.php(54): CContentDecorator->decorate('<div class="con...')
#10 C:\xampp\htdocs\yii\framework\web\widgets\COutputProcessor.php(44): CContentDecorator->processOutput('<div class="con...')
#11 C:\xampp\htdocs\yii\framework\web\CBaseController.php(206): COutputProcessor->run()
#12 C:\xampp\htdocs\yii\framework\web\CBaseController.php(300): CBaseController->endWidget('CContentDecorat...')
#13 C:\xampp\htdocs\yii\framework\gii\views\layouts\column1.php(7): CBaseController->endContent()
#14 C:\xampp\htdocs\yii\framework\web\CBaseController.php(126): require('C:\\xampp\\htdocs...')
#15 C:\xampp\htdocs\yii\framework\web\CBaseController.php(95): CBaseController->renderInternal('C:\\xampp\\htdocs...', Array, true)
#16 C:\xampp\htdocs\yii\framework\web\CController.php(784): CBaseController->renderFile('C:\\xampp\\htdocs...', Array, true)
#17 C:\xampp\htdocs\yii\framework\gii\controllers\DefaultController.php(47): CController->render('login', Array)
#18 C:\xampp\htdocs\yii\framework\web\actions\CInlineAction.php(49): DefaultController->actionLogin()
#19 C:\xampp\htdocs\yii\framework\web\CController.php(308): CInlineAction->runWithParams(Array)
#20 C:\xampp\htdocs\yii\framework\web\CController.php(286): CController->runAction(Object(CInlineAction))
#21 C:\xampp\htdocs\yii\framework\web\CController.php(265): CController->runActionWithFilters(Object(CInlineAction), Array)
#22 C:\xampp\htdocs\yii\framework\web\CWebApplication.php(282): CController->run('login')
#23 C:\xampp\htdocs\yii\framework\web\CWebApplication.php(141): CWebApplication->runController('gii/default/log...')
#24 C:\xampp\htdocs\yii\framework\base\CApplication.php(180): CWebApplication->processRequest()
#25 C:\xampp\htdocs\inventario\index.php(13): CApplication->run()
#26 {main}
REQUEST_URI=/inventario/gii/default/login
---
2014/10/02 17:41:57 [error] [exception.CHttpException.404] exception 'CHttpException' with message 'The system is unable to find the requested action "dispositivos".' in C:\xampp\htdocs\yii\framework\web\CController.php:483
Stack trace:
#0 C:\xampp\htdocs\yii\framework\web\CController.php(270): CController->missingAction('dispositivos')
#1 C:\xampp\htdocs\yii\framework\web\CWebApplication.php(282): CController->run('dispositivos')
#2 C:\xampp\htdocs\yii\framework\web\CWebApplication.php(141): CWebApplication->runController('site/dispositiv...')
#3 C:\xampp\htdocs\yii\framework\base\CApplication.php(180): CWebApplication->processRequest()
#4 C:\xampp\htdocs\inventario\index.php(13): CApplication->run()
#5 {main}
REQUEST_URI=/inventario/site/dispositivos
---
2014/10/02 17:58:00 [error] [exception.CHttpException.404] exception 'CHttpException' with message 'Unable to resolve the request "dispositivos".' in C:\xampp\htdocs\yii\framework\web\CWebApplication.php:286
Stack trace:
#0 C:\xampp\htdocs\yii\framework\web\CWebApplication.php(141): CWebApplication->runController('dispositivos')
#1 C:\xampp\htdocs\yii\framework\base\CApplication.php(180): CWebApplication->processRequest()
#2 C:\xampp\htdocs\inventario\index.php(13): CApplication->run()
#3 {main}
REQUEST_URI=/inventario/dispositivos
---
2014/10/02 17:59:06 [error] [exception.CHttpException.404] exception 'CHttpException' with message 'Unable to resolve the request "dispositivos".' in C:\xampp\htdocs\yii\framework\web\CWebApplication.php:286
Stack trace:
#0 C:\xampp\htdocs\yii\framework\web\CWebApplication.php(141): CWebApplication->runController('dispositivos')
#1 C:\xampp\htdocs\yii\framework\base\CApplication.php(180): CWebApplication->processRequest()
#2 C:\xampp\htdocs\inventario\index.php(13): CApplication->run()
#3 {main}
REQUEST_URI=/inventario/dispositivos
---
2014/10/02 17:59:23 [error] [exception.CHttpException.404] exception 'CHttpException' with message 'Unable to resolve the request "inventario".' in C:\xampp\htdocs\yii\framework\web\CWebApplication.php:286
Stack trace:
#0 C:\xampp\htdocs\yii\framework\web\CWebApplication.php(141): CWebApplication->runController('inventario')
#1 C:\xampp\htdocs\yii\framework\base\CApplication.php(180): CWebApplication->processRequest()
#2 C:\xampp\htdocs\inventario\index.php(13): CApplication->run()
#3 {main}
REQUEST_URI=/inventario/inventario
---
2014/10/02 18:01:09 [error] [exception.CHttpException.404] exception 'CHttpException' with message 'Unable to resolve the request "layout/inventario".' in C:\xampp\htdocs\yii\framework\web\CWebApplication.php:286
Stack trace:
#0 C:\xampp\htdocs\yii\framework\web\CWebApplication.php(141): CWebApplication->runController('layout/inventar...')
#1 C:\xampp\htdocs\yii\framework\base\CApplication.php(180): CWebApplication->processRequest()
#2 C:\xampp\htdocs\inventario\index.php(13): CApplication->run()
#3 {main}
REQUEST_URI=/inventario/layout/inventario
---
2014/10/02 18:01:26 [error] [exception.CHttpException.404] exception 'CHttpException' with message 'Unable to resolve the request "dispositivos".' in C:\xampp\htdocs\yii\framework\web\CWebApplication.php:286
Stack trace:
#0 C:\xampp\htdocs\yii\framework\web\CWebApplication.php(141): CWebApplication->runController('dispositivos')
#1 C:\xampp\htdocs\yii\framework\base\CApplication.php(180): CWebApplication->processRequest()
#2 C:\xampp\htdocs\inventario\index.php(13): CApplication->run()
#3 {main}
REQUEST_URI=/inventario/dispositivos
---
2014/10/02 18:01:42 [error] [exception.CHttpException.404] exception 'CHttpException' with message 'Unable to resolve the request "dispositivos/dispositivos".' in C:\xampp\htdocs\yii\framework\web\CWebApplication.php:286
Stack trace:
#0 C:\xampp\htdocs\yii\framework\web\CWebApplication.php(141): CWebApplication->runController('dispositivos/di...')
#1 C:\xampp\htdocs\yii\framework\base\CApplication.php(180): CWebApplication->processRequest()
#2 C:\xampp\htdocs\inventario\index.php(13): CApplication->run()
#3 {main}
REQUEST_URI=/inventario/dispositivos/dispositivos
---
2014/10/02 22:57:25 [error] [exception.CHttpException.404] exception 'CHttpException' with message 'The system is unable to find the requested action "registrar_disp".' in C:\xampp\htdocs\yii\framework\web\CController.php:483
Stack trace:
#0 C:\xampp\htdocs\yii\framework\web\CController.php(270): CController->missingAction('registrar_disp')
#1 C:\xampp\htdocs\yii\framework\web\CWebApplication.php(282): CController->run('registrar_disp')
#2 C:\xampp\htdocs\yii\framework\web\CWebApplication.php(141): CWebApplication->runController('dispositivo/reg...')
#3 C:\xampp\htdocs\yii\framework\base\CApplication.php(180): CWebApplication->processRequest()
#4 C:\xampp\htdocs\inventario\index.php(13): CApplication->run()
#5 {main}
REQUEST_URI=/inventario/dispositivo/registrar_disp
---
2014/10/02 23:53:50 [error] [exception.CHttpException.404] exception 'CHttpException' with message 'Unable to resolve the request "login".' in C:\xampp\htdocs\yii\framework\web\CWebApplication.php:286
Stack trace:
#0 C:\xampp\htdocs\yii\framework\web\CWebApplication.php(141): CWebApplication->runController('login')
#1 C:\xampp\htdocs\yii\framework\base\CApplication.php(180): CWebApplication->processRequest()
#2 C:\xampp\htdocs\inventario\index.php(13): CApplication->run()
#3 {main}
REQUEST_URI=/inventario/login
HTTP_REFERER=http://localhost/inventario/
---
2014/10/03 05:23:43 [error] [exception.CHttpException.404] exception 'CHttpException' with message 'Unable to resolve the request "dispositivos".' in C:\wamp\www\yii\framework\web\CWebApplication.php:286
Stack trace:
#0 C:\wamp\www\yii\framework\web\CWebApplication.php(141): CWebApplication->runController('dispositivos')
#1 C:\wamp\www\yii\framework\base\CApplication.php(180): CWebApplication->processRequest()
#2 C:\wamp\www\inventario\index.php(13): CApplication->run()
#3 {main}
REQUEST_URI=/inventario/dispositivos
---
2014/10/03 05:40:13 [error] [exception.CHttpException.404] exception 'CHttpException' with message 'Unable to resolve the request "select_bootstrap/test.html".' in C:\wamp\www\yii\framework\web\CWebApplication.php:286
Stack trace:
#0 C:\wamp\www\yii\framework\web\CWebApplication.php(141): CWebApplication->runController('select_bootstra...')
#1 C:\wamp\www\yii\framework\base\CApplication.php(180): CWebApplication->processRequest()
#2 C:\wamp\www\inventario\index.php(13): CApplication->run()
#3 {main}
REQUEST_URI=/inventario/select_bootstrap/test.html
---
2014/10/03 06:51:29 [error] [exception.CHttpException.404] exception 'CHttpException' with message 'Unable to resolve the request "js/bootstrap-select.js.map".' in C:\wamp\www\yii\framework\web\CWebApplication.php:286
Stack trace:
#0 C:\wamp\www\yii\framework\web\CWebApplication.php(141): CWebApplication->runController('js/bootstrap-se...')
#1 C:\wamp\www\yii\framework\base\CApplication.php(180): CWebApplication->processRequest()
#2 C:\wamp\www\inventario\index.php(13): CApplication->run()
#3 {main}
REQUEST_URI=/inventario/js/bootstrap-select.js.map
HTTP_REFERER=http://localhost/inventario/dispositivo/create
---
2014/10/03 06:52:04 [error] [exception.CHttpException.404] exception 'CHttpException' with message 'Unable to resolve the request "js/bootstrap-select.js.map".' in C:\wamp\www\yii\framework\web\CWebApplication.php:286
Stack trace:
#0 C:\wamp\www\yii\framework\web\CWebApplication.php(141): CWebApplication->runController('js/bootstrap-se...')
#1 C:\wamp\www\yii\framework\base\CApplication.php(180): CWebApplication->processRequest()
#2 C:\wamp\www\inventario\index.php(13): CApplication->run()
#3 {main}
REQUEST_URI=/inventario/js/bootstrap-select.js.map
HTTP_REFERER=http://localhost/inventario/dispositivo/create
---
2014/10/03 17:15:48 [error] [exception.CHttpException.400] exception 'CHttpException' with message 'Your request is invalid.' in C:\xampp\htdocs\yii\framework\web\CController.php:336
Stack trace:
#0 C:\xampp\htdocs\yii\framework\web\CController.php(309): CController->invalidActionParams(Object(CInlineAction))
#1 C:\xampp\htdocs\yii\framework\web\filters\CFilterChain.php(133): CController->runAction(Object(CInlineAction))
#2 C:\xampp\htdocs\yii\framework\web\filters\CFilter.php(40): CFilterChain->run()
#3 C:\xampp\htdocs\yii\framework\web\CController.php(1145): CFilter->filter(Object(CFilterChain))
#4 C:\xampp\htdocs\yii\framework\web\filters\CInlineFilter.php(58): CController->filterAccessControl(Object(CFilterChain))
#5 C:\xampp\htdocs\yii\framework\web\filters\CFilterChain.php(130): CInlineFilter->filter(Object(CFilterChain))
#6 C:\xampp\htdocs\yii\framework\web\CController.php(291): CFilterChain->run()
#7 C:\xampp\htdocs\yii\framework\web\CController.php(265): CController->runActionWithFilters(Object(CInlineAction), Array)
#8 C:\xampp\htdocs\yii\framework\web\CWebApplication.php(282): CController->run('view')
#9 C:\xampp\htdocs\yii\framework\web\CWebApplication.php(141): CWebApplication->runController('dispositivo/vie...')
#10 C:\xampp\htdocs\yii\framework\base\CApplication.php(180): CWebApplication->processRequest()
#11 C:\xampp\htdocs\inventario\index.php(13): CApplication->run()
#12 {main}
REQUEST_URI=/inventario/dispositivo/view?datos=Me+mandaste%3A+2014-10-18+ergsg+Da%C3%B1ado
HTTP_REFERER=http://localhost/inventario/dispositivo/create
---
2014/10/03 17:17:12 [error] [exception.CHttpException.400] exception 'CHttpException' with message 'Your request is invalid.' in C:\xampp\htdocs\yii\framework\web\CController.php:336
Stack trace:
#0 C:\xampp\htdocs\yii\framework\web\CController.php(309): CController->invalidActionParams(Object(CInlineAction))
#1 C:\xampp\htdocs\yii\framework\web\filters\CFilterChain.php(133): CController->runAction(Object(CInlineAction))
#2 C:\xampp\htdocs\yii\framework\web\filters\CFilter.php(40): CFilterChain->run()
#3 C:\xampp\htdocs\yii\framework\web\CController.php(1145): CFilter->filter(Object(CFilterChain))
#4 C:\xampp\htdocs\yii\framework\web\filters\CInlineFilter.php(58): CController->filterAccessControl(Object(CFilterChain))
#5 C:\xampp\htdocs\yii\framework\web\filters\CFilterChain.php(130): CInlineFilter->filter(Object(CFilterChain))
#6 C:\xampp\htdocs\yii\framework\web\CController.php(291): CFilterChain->run()
#7 C:\xampp\htdocs\yii\framework\web\CController.php(265): CController->runActionWithFilters(Object(CInlineAction), Array)
#8 C:\xampp\htdocs\yii\framework\web\CWebApplication.php(282): CController->run('view')
#9 C:\xampp\htdocs\yii\framework\web\CWebApplication.php(141): CWebApplication->runController('dispositivo/vie...')
#10 C:\xampp\htdocs\yii\framework\base\CApplication.php(180): CWebApplication->processRequest()
#11 C:\xampp\htdocs\inventario\index.php(13): CApplication->run()
#12 {main}
REQUEST_URI=/inventario/dispositivo/view?datos=Me+mandaste%3A+2014-10-18+ergsg+Da%C3%B1ado
HTTP_REFERER=http://localhost/inventario/dispositivo/create
---
2014/10/03 17:28:13 [error] [php] strpos() expects parameter 1 to be string, array given (C:\xampp\htdocs\yii\framework\web\CController.php:706)
Stack trace:
#0 C:\xampp\htdocs\yii\framework\web\CController.php(867): DispositivoController->getViewFile()
#1 C:\xampp\htdocs\yii\framework\web\CController.php(782): DispositivoController->renderPartial()
#2 C:\xampp\htdocs\inventario\protected\controllers\DispositivoController.php(74): DispositivoController->render()
#3 C:\xampp\htdocs\yii\framework\web\actions\CInlineAction.php(49): DispositivoController->actionCreate()
#4 C:\xampp\htdocs\yii\framework\web\CController.php(308): CInlineAction->runWithParams()
#5 C:\xampp\htdocs\yii\framework\web\filters\CFilterChain.php(133): DispositivoController->runAction()
#6 C:\xampp\htdocs\yii\framework\web\filters\CFilter.php(40): CFilterChain->run()
#7 C:\xampp\htdocs\yii\framework\web\CController.php(1145): CAccessControlFilter->filter()
#8 C:\xampp\htdocs\yii\framework\web\filters\CInlineFilter.php(58): DispositivoController->filterAccessControl()
#9 C:\xampp\htdocs\yii\framework\web\filters\CFilterChain.php(130): CInlineFilter->filter()
#10 C:\xampp\htdocs\yii\framework\web\CController.php(291): CFilterChain->run()
#11 C:\xampp\htdocs\yii\framework\web\CController.php(265): DispositivoController->runActionWithFilters()
#12 C:\xampp\htdocs\yii\framework\web\CWebApplication.php(282): DispositivoController->run()
#13 C:\xampp\htdocs\yii\framework\web\CWebApplication.php(141): CWebApplication->runController()
#14 C:\xampp\htdocs\yii\framework\base\CApplication.php(180): CWebApplication->processRequest()
#15 C:\xampp\htdocs\inventario\index.php(13): CWebApplication->run()
REQUEST_URI=/inventario/dispositivo/create
in C:\xampp\htdocs\inventario\protected\controllers\DispositivoController.php (74)
in C:\xampp\htdocs\inventario\index.php (13)
2014/10/03 17:29:37 [error] [php] Undefined variable: model (C:\xampp\htdocs\inventario\protected\views\dispositivo\view.php:19)
Stack trace:
#0 C:\xampp\htdocs\yii\framework\web\CController.php(869): DispositivoController->renderFile()
#1 C:\xampp\htdocs\yii\framework\web\CController.php(782): DispositivoController->renderPartial()
#2 C:\xampp\htdocs\inventario\protected\controllers\DispositivoController.php(74): DispositivoController->render()
#3 C:\xampp\htdocs\yii\framework\web\actions\CInlineAction.php(49): DispositivoController->actionCreate()
#4 C:\xampp\htdocs\yii\framework\web\CController.php(308): CInlineAction->runWithParams()
#5 C:\xampp\htdocs\yii\framework\web\filters\CFilterChain.php(133): DispositivoController->runAction()
#6 C:\xampp\htdocs\yii\framework\web\filters\CFilter.php(40): CFilterChain->run()
#7 C:\xampp\htdocs\yii\framework\web\CController.php(1145): CAccessControlFilter->filter()
#8 C:\xampp\htdocs\yii\framework\web\filters\CInlineFilter.php(58): DispositivoController->filterAccessControl()
#9 C:\xampp\htdocs\yii\framework\web\filters\CFilterChain.php(130): CInlineFilter->filter()
#10 C:\xampp\htdocs\yii\framework\web\CController.php(291): CFilterChain->run()
#11 C:\xampp\htdocs\yii\framework\web\CController.php(265): DispositivoController->runActionWithFilters()
#12 C:\xampp\htdocs\yii\framework\web\CWebApplication.php(282): DispositivoController->run()
#13 C:\xampp\htdocs\yii\framework\web\CWebApplication.php(141): CWebApplication->runController()
#14 C:\xampp\htdocs\yii\framework\base\CApplication.php(180): CWebApplication->processRequest()
#15 C:\xampp\htdocs\inventario\index.php(13): CWebApplication->run()
REQUEST_URI=/inventario/dispositivo/create
in C:\xampp\htdocs\inventario\protected\views\dispositivo\view.php (19)
in C:\xampp\htdocs\inventario\protected\controllers\DispositivoController.php (74)
in C:\xampp\htdocs\inventario\index.php (13)
2014/10/03 17:32:49 [error] [exception.CHttpException.400] exception 'CHttpException' with message 'Your request is invalid.' in C:\xampp\htdocs\yii\framework\web\CController.php:336
Stack trace:
#0 C:\xampp\htdocs\yii\framework\web\CController.php(309): CController->invalidActionParams(Object(CInlineAction))
#1 C:\xampp\htdocs\yii\framework\web\filters\CFilterChain.php(133): CController->runAction(Object(CInlineAction))
#2 C:\xampp\htdocs\yii\framework\web\filters\CFilter.php(40): CFilterChain->run()
#3 C:\xampp\htdocs\yii\framework\web\CController.php(1145): CFilter->filter(Object(CFilterChain))
#4 C:\xampp\htdocs\yii\framework\web\filters\CInlineFilter.php(58): CController->filterAccessControl(Object(CFilterChain))
#5 C:\xampp\htdocs\yii\framework\web\filters\CFilterChain.php(130): CInlineFilter->filter(Object(CFilterChain))
#6 C:\xampp\htdocs\yii\framework\web\CController.php(291): CFilterChain->run()
#7 C:\xampp\htdocs\yii\framework\web\CController.php(265): CController->runActionWithFilters(Object(CInlineAction), Array)
#8 C:\xampp\htdocs\yii\framework\web\CWebApplication.php(282): CController->run('view')
#9 C:\xampp\htdocs\yii\framework\web\CWebApplication.php(141): CWebApplication->runController('dispositivo/vie...')
#10 C:\xampp\htdocs\yii\framework\base\CApplication.php(180): CWebApplication->processRequest()
#11 C:\xampp\htdocs\inventario\index.php(13): CApplication->run()
#12 {main}
REQUEST_URI=/inventario/dispositivo/view
HTTP_REFERER=http://localhost/inventario/dispositivo/create
---
2014/10/03 17:33:31 [error] [exception.CHttpException.400] exception 'CHttpException' with message 'Your request is invalid.' in C:\xampp\htdocs\yii\framework\web\CController.php:336
Stack trace:
#0 C:\xampp\htdocs\yii\framework\web\CController.php(309): CController->invalidActionParams(Object(CInlineAction))
#1 C:\xampp\htdocs\yii\framework\web\filters\CFilterChain.php(133): CController->runAction(Object(CInlineAction))
#2 C:\xampp\htdocs\yii\framework\web\filters\CFilter.php(40): CFilterChain->run()
#3 C:\xampp\htdocs\yii\framework\web\CController.php(1145): CFilter->filter(Object(CFilterChain))
#4 C:\xampp\htdocs\yii\framework\web\filters\CInlineFilter.php(58): CController->filterAccessControl(Object(CFilterChain))
#5 C:\xampp\htdocs\yii\framework\web\filters\CFilterChain.php(130): CInlineFilter->filter(Object(CFilterChain))
#6 C:\xampp\htdocs\yii\framework\web\CController.php(291): CFilterChain->run()
#7 C:\xampp\htdocs\yii\framework\web\CController.php(265): CController->runActionWithFilters(Object(CInlineAction), Array)
#8 C:\xampp\htdocs\yii\framework\web\CWebApplication.php(282): CController->run('view')
#9 C:\xampp\htdocs\yii\framework\web\CWebApplication.php(141): CWebApplication->runController('dispositivo/vie...')
#10 C:\xampp\htdocs\yii\framework\base\CApplication.php(180): CWebApplication->processRequest()
#11 C:\xampp\htdocs\inventario\index.php(13): CApplication->run()
#12 {main}
REQUEST_URI=/inventario/dispositivo/view
HTTP_REFERER=http://localhost/inventario/dispositivo/create
---
2014/10/03 17:33:56 [error] [exception.CHttpException.400] exception 'CHttpException' with message 'Your request is invalid.' in C:\xampp\htdocs\yii\framework\web\CController.php:336
Stack trace:
#0 C:\xampp\htdocs\yii\framework\web\CController.php(309): CController->invalidActionParams(Object(CInlineAction))
#1 C:\xampp\htdocs\yii\framework\web\filters\CFilterChain.php(133): CController->runAction(Object(CInlineAction))
#2 C:\xampp\htdocs\yii\framework\web\filters\CFilter.php(40): CFilterChain->run()
#3 C:\xampp\htdocs\yii\framework\web\CController.php(1145): CFilter->filter(Object(CFilterChain))
#4 C:\xampp\htdocs\yii\framework\web\filters\CInlineFilter.php(58): CController->filterAccessControl(Object(CFilterChain))
#5 C:\xampp\htdocs\yii\framework\web\filters\CFilterChain.php(130): CInlineFilter->filter(Object(CFilterChain))
#6 C:\xampp\htdocs\yii\framework\web\CController.php(291): CFilterChain->run()
#7 C:\xampp\htdocs\yii\framework\web\CController.php(265): CController->runActionWithFilters(Object(CInlineAction), Array)
#8 C:\xampp\htdocs\yii\framework\web\CWebApplication.php(282): CController->run('view')
#9 C:\xampp\htdocs\yii\framework\web\CWebApplication.php(141): CWebApplication->runController('dispositivo/vie...')
#10 C:\xampp\htdocs\yii\framework\base\CApplication.php(180): CWebApplication->processRequest()
#11 C:\xampp\htdocs\inventario\index.php(13): CApplication->run()
#12 {main}
REQUEST_URI=/inventario/dispositivo/view
HTTP_REFERER=http://localhost/inventario/dispositivo/create
---
2014/10/03 17:34:04 [error] [exception.CHttpException.400] exception 'CHttpException' with message 'Your request is invalid.' in C:\xampp\htdocs\yii\framework\web\CController.php:336
Stack trace:
#0 C:\xampp\htdocs\yii\framework\web\CController.php(309): CController->invalidActionParams(Object(CInlineAction))
#1 C:\xampp\htdocs\yii\framework\web\filters\CFilterChain.php(133): CController->runAction(Object(CInlineAction))
#2 C:\xampp\htdocs\yii\framework\web\filters\CFilter.php(40): CFilterChain->run()
#3 C:\xampp\htdocs\yii\framework\web\CController.php(1145): CFilter->filter(Object(CFilterChain))
#4 C:\xampp\htdocs\yii\framework\web\filters\CInlineFilter.php(58): CController->filterAccessControl(Object(CFilterChain))
#5 C:\xampp\htdocs\yii\framework\web\filters\CFilterChain.php(130): CInlineFilter->filter(Object(CFilterChain))
#6 C:\xampp\htdocs\yii\framework\web\CController.php(291): CFilterChain->run()
#7 C:\xampp\htdocs\yii\framework\web\CController.php(265): CController->runActionWithFilters(Object(CInlineAction), Array)
#8 C:\xampp\htdocs\yii\framework\web\CWebApplication.php(282): CController->run('view')
#9 C:\xampp\htdocs\yii\framework\web\CWebApplication.php(141): CWebApplication->runController('dispositivo/vie...')
#10 C:\xampp\htdocs\yii\framework\base\CApplication.php(180): CWebApplication->processRequest()
#11 C:\xampp\htdocs\inventario\index.php(13): CApplication->run()
#12 {main}
REQUEST_URI=/inventario/dispositivo/view?datos=Me+mandaste%3A+++0
HTTP_REFERER=http://localhost/inventario/dispositivo/create
---
2014/10/03 17:34:45 [error] [exception.CHttpException.400] exception 'CHttpException' with message 'Your request is invalid.' in C:\xampp\htdocs\yii\framework\web\CController.php:336
Stack trace:
#0 C:\xampp\htdocs\yii\framework\web\CController.php(309): CController->invalidActionParams(Object(CInlineAction))
#1 C:\xampp\htdocs\yii\framework\web\filters\CFilterChain.php(133): CController->runAction(Object(CInlineAction))
#2 C:\xampp\htdocs\yii\framework\web\filters\CFilter.php(40): CFilterChain->run()
#3 C:\xampp\htdocs\yii\framework\web\CController.php(1145): CFilter->filter(Object(CFilterChain))
#4 C:\xampp\htdocs\yii\framework\web\filters\CInlineFilter.php(58): CController->filterAccessControl(Object(CFilterChain))
#5 C:\xampp\htdocs\yii\framework\web\filters\CFilterChain.php(130): CInlineFilter->filter(Object(CFilterChain))
#6 C:\xampp\htdocs\yii\framework\web\CController.php(291): CFilterChain->run()
#7 C:\xampp\htdocs\yii\framework\web\CController.php(265): CController->runActionWithFilters(Object(CInlineAction), Array)
#8 C:\xampp\htdocs\yii\framework\web\CWebApplication.php(282): CController->run('view')
#9 C:\xampp\htdocs\yii\framework\web\CWebApplication.php(141): CWebApplication->runController('dispositivo/vie...')
#10 C:\xampp\htdocs\yii\framework\base\CApplication.php(180): CWebApplication->processRequest()
#11 C:\xampp\htdocs\inventario\index.php(13): CApplication->run()
#12 {main}
REQUEST_URI=/inventario/dispositivo/view?datos=Me+mandaste%3A+++0
HTTP_REFERER=http://localhost/inventario/dispositivo/create
---
2014/10/03 18:48:20 [error] [exception.CHttpException.404] exception 'CHttpException' with message 'Unable to resolve the request "login".' in C:\xampp\htdocs\yii\framework\web\CWebApplication.php:286
Stack trace:
#0 C:\xampp\htdocs\yii\framework\web\CWebApplication.php(141): CWebApplication->runController('login')
#1 C:\xampp\htdocs\yii\framework\base\CApplication.php(180): CWebApplication->processRequest()
#2 C:\xampp\htdocs\inventario\index.php(13): CApplication->run()
#3 {main}
REQUEST_URI=/inventario/login
HTTP_REFERER=http://localhost/inventario/
---
2014/10/03 18:50:54 [error] [exception.CHttpException.404] exception 'CHttpException' with message 'Unable to resolve the request "login".' in C:\xampp\htdocs\yii\framework\web\CWebApplication.php:286
Stack trace:
#0 C:\xampp\htdocs\yii\framework\web\CWebApplication.php(141): CWebApplication->runController('login')
#1 C:\xampp\htdocs\yii\framework\base\CApplication.php(180): CWebApplication->processRequest()
#2 C:\xampp\htdocs\inventario\index.php(13): CApplication->run()
#3 {main}
REQUEST_URI=/inventario/login
HTTP_REFERER=http://localhost/inventario/
---
2014/10/03 21:46:06 [error] [php] Array to string conversion (C:\xampp\htdocs\inventario\protected\views\dispositivo\create.php:40)
Stack trace:
#0 C:\xampp\htdocs\yii\framework\web\CController.php(869): DispositivoController->renderFile()
#1 C:\xampp\htdocs\yii\framework\web\CController.php(782): DispositivoController->renderPartial()
#2 C:\xampp\htdocs\inventario\protected\controllers\DispositivoController.php(78): DispositivoController->render()
#3 C:\xampp\htdocs\yii\framework\web\actions\CInlineAction.php(49): DispositivoController->actionCreate()
#4 C:\xampp\htdocs\yii\framework\web\CController.php(308): CInlineAction->runWithParams()
#5 C:\xampp\htdocs\yii\framework\web\filters\CFilterChain.php(133): DispositivoController->runAction()
#6 C:\xampp\htdocs\yii\framework\web\filters\CFilter.php(40): CFilterChain->run()
#7 C:\xampp\htdocs\yii\framework\web\CController.php(1145): CAccessControlFilter->filter()
#8 C:\xampp\htdocs\yii\framework\web\filters\CInlineFilter.php(58): DispositivoController->filterAccessControl()
#9 C:\xampp\htdocs\yii\framework\web\filters\CFilterChain.php(130): CInlineFilter->filter()
#10 C:\xampp\htdocs\yii\framework\web\CController.php(291): CFilterChain->run()
#11 C:\xampp\htdocs\yii\framework\web\CController.php(265): DispositivoController->runActionWithFilters()
#12 C:\xampp\htdocs\yii\framework\web\CWebApplication.php(282): DispositivoController->run()
#13 C:\xampp\htdocs\yii\framework\web\CWebApplication.php(141): CWebApplication->runController()
#14 C:\xampp\htdocs\yii\framework\base\CApplication.php(180): CWebApplication->processRequest()
#15 C:\xampp\htdocs\inventario\index.php(13): CWebApplication->run()
REQUEST_URI=/inventario/dispositivo/create
in C:\xampp\htdocs\inventario\protected\views\dispositivo\create.php (40)
in C:\xampp\htdocs\inventario\protected\controllers\DispositivoController.php (78)
in C:\xampp\htdocs\inventario\index.php (13)
2014/10/03 22:12:22 [error] [php] Undefined index: id_estado (C:\xampp\htdocs\inventario\protected\controllers\DispositivoController.php:73)
Stack trace:
#0 C:\xampp\htdocs\yii\framework\web\filters\CFilterChain.php(133): DispositivoController->runAction()
#1 C:\xampp\htdocs\yii\framework\web\filters\CFilter.php(40): CFilterChain->run()
#2 C:\xampp\htdocs\yii\framework\web\CController.php(1145): CAccessControlFilter->filter()
#3 C:\xampp\htdocs\yii\framework\web\filters\CInlineFilter.php(58): DispositivoController->filterAccessControl()
#4 C:\xampp\htdocs\yii\framework\web\filters\CFilterChain.php(130): CInlineFilter->filter()
#5 C:\xampp\htdocs\yii\framework\web\CController.php(291): CFilterChain->run()
#6 C:\xampp\htdocs\yii\framework\web\CController.php(265): DispositivoController->runActionWithFilters()
#7 C:\xampp\htdocs\yii\framework\web\CWebApplication.php(282): DispositivoController->run()
#8 C:\xampp\htdocs\yii\framework\web\CWebApplication.php(141): CWebApplication->runController()
#9 C:\xampp\htdocs\yii\framework\base\CApplication.php(180): CWebApplication->processRequest()
#10 C:\xampp\htdocs\inventario\index.php(13): CWebApplication->run()
REQUEST_URI=/inventario/dispositivo/create
in C:\xampp\htdocs\inventario\protected\controllers\DispositivoController.php (73)
in C:\xampp\htdocs\inventario\index.php (13)
2014/10/03 22:14:52 [error] [php] Undefined index: id_estado (C:\xampp\htdocs\inventario\protected\controllers\DispositivoController.php:73)
Stack trace:
#0 C:\xampp\htdocs\yii\framework\web\filters\CFilterChain.php(133): DispositivoController->runAction()
#1 C:\xampp\htdocs\yii\framework\web\filters\CFilter.php(40): CFilterChain->run()
#2 C:\xampp\htdocs\yii\framework\web\CController.php(1145): CAccessControlFilter->filter()
#3 C:\xampp\htdocs\yii\framework\web\filters\CInlineFilter.php(58): DispositivoController->filterAccessControl()
#4 C:\xampp\htdocs\yii\framework\web\filters\CFilterChain.php(130): CInlineFilter->filter()
#5 C:\xampp\htdocs\yii\framework\web\CController.php(291): CFilterChain->run()
#6 C:\xampp\htdocs\yii\framework\web\CController.php(265): DispositivoController->runActionWithFilters()
#7 C:\xampp\htdocs\yii\framework\web\CWebApplication.php(282): DispositivoController->run()
#8 C:\xampp\htdocs\yii\framework\web\CWebApplication.php(141): CWebApplication->runController()
#9 C:\xampp\htdocs\yii\framework\base\CApplication.php(180): CWebApplication->processRequest()
#10 C:\xampp\htdocs\inventario\index.php(13): CWebApplication->run()
REQUEST_URI=/inventario/dispositivo/create
in C:\xampp\htdocs\inventario\protected\controllers\DispositivoController.php (73)
in C:\xampp\htdocs\inventario\index.php (13)
2014/10/03 22:20:53 [error] [php] Undefined index: id (C:\xampp\htdocs\inventario\protected\controllers\DispositivoController.php:73)
Stack trace:
#0 C:\xampp\htdocs\yii\framework\web\filters\CFilterChain.php(133): DispositivoController->runAction()
#1 C:\xampp\htdocs\yii\framework\web\filters\CFilter.php(40): CFilterChain->run()
#2 C:\xampp\htdocs\yii\framework\web\CController.php(1145): CAccessControlFilter->filter()
#3 C:\xampp\htdocs\yii\framework\web\filters\CInlineFilter.php(58): DispositivoController->filterAccessControl()
#4 C:\xampp\htdocs\yii\framework\web\filters\CFilterChain.php(130): CInlineFilter->filter()
#5 C:\xampp\htdocs\yii\framework\web\CController.php(291): CFilterChain->run()
#6 C:\xampp\htdocs\yii\framework\web\CController.php(265): DispositivoController->runActionWithFilters()
#7 C:\xampp\htdocs\yii\framework\web\CWebApplication.php(282): DispositivoController->run()
#8 C:\xampp\htdocs\yii\framework\web\CWebApplication.php(141): CWebApplication->runController()
#9 C:\xampp\htdocs\yii\framework\base\CApplication.php(180): CWebApplication->processRequest()
#10 C:\xampp\htdocs\inventario\index.php(13): CWebApplication->run()
REQUEST_URI=/inventario/dispositivo/create
in C:\xampp\htdocs\inventario\protected\controllers\DispositivoController.php (73)
in C:\xampp\htdocs\inventario\index.php (13)
2014/10/03 22:21:22 [error] [php] Undefined index: id (C:\xampp\htdocs\inventario\protected\controllers\DispositivoController.php:73)
Stack trace:
#0 C:\xampp\htdocs\yii\framework\web\filters\CFilterChain.php(133): DispositivoController->runAction()
#1 C:\xampp\htdocs\yii\framework\web\filters\CFilter.php(40): CFilterChain->run()
#2 C:\xampp\htdocs\yii\framework\web\CController.php(1145): CAccessControlFilter->filter()
#3 C:\xampp\htdocs\yii\framework\web\filters\CInlineFilter.php(58): DispositivoController->filterAccessControl()
#4 C:\xampp\htdocs\yii\framework\web\filters\CFilterChain.php(130): CInlineFilter->filter()
#5 C:\xampp\htdocs\yii\framework\web\CController.php(291): CFilterChain->run()
#6 C:\xampp\htdocs\yii\framework\web\CController.php(265): DispositivoController->runActionWithFilters()
#7 C:\xampp\htdocs\yii\framework\web\CWebApplication.php(282): DispositivoController->run()
#8 C:\xampp\htdocs\yii\framework\web\CWebApplication.php(141): CWebApplication->runController()
#9 C:\xampp\htdocs\yii\framework\base\CApplication.php(180): CWebApplication->processRequest()
#10 C:\xampp\htdocs\inventario\index.php(13): CWebApplication->run()
REQUEST_URI=/inventario/dispositivo/create
in C:\xampp\htdocs\inventario\protected\controllers\DispositivoController.php (73)
in C:\xampp\htdocs\inventario\index.php (13)
2014/10/03 22:32:09 [error] [php] Undefined index: var (C:\xampp\htdocs\inventario\protected\controllers\DispositivoController.php:73)
Stack trace:
#0 C:\xampp\htdocs\yii\framework\web\filters\CFilterChain.php(133): DispositivoController->runAction()
#1 C:\xampp\htdocs\yii\framework\web\filters\CFilter.php(40): CFilterChain->run()
#2 C:\xampp\htdocs\yii\framework\web\CController.php(1145): CAccessControlFilter->filter()
#3 C:\xampp\htdocs\yii\framework\web\filters\CInlineFilter.php(58): DispositivoController->filterAccessControl()
#4 C:\xampp\htdocs\yii\framework\web\filters\CFilterChain.php(130): CInlineFilter->filter()
#5 C:\xampp\htdocs\yii\framework\web\CController.php(291): CFilterChain->run()
#6 C:\xampp\htdocs\yii\framework\web\CController.php(265): DispositivoController->runActionWithFilters()
#7 C:\xampp\htdocs\yii\framework\web\CWebApplication.php(282): DispositivoController->run()
#8 C:\xampp\htdocs\yii\framework\web\CWebApplication.php(141): CWebApplication->runController()
#9 C:\xampp\htdocs\yii\framework\base\CApplication.php(180): CWebApplication->processRequest()
#10 C:\xampp\htdocs\inventario\index.php(13): CWebApplication->run()
REQUEST_URI=/inventario/dispositivo/create
in C:\xampp\htdocs\inventario\protected\controllers\DispositivoController.php (73)
in C:\xampp\htdocs\inventario\index.php (13)
2014/10/03 22:32:20 [error] [php] Undefined index: var (C:\xampp\htdocs\inventario\protected\controllers\DispositivoController.php:73)
Stack trace:
#0 C:\xampp\htdocs\yii\framework\web\filters\CFilterChain.php(133): DispositivoController->runAction()
#1 C:\xampp\htdocs\yii\framework\web\filters\CFilter.php(40): CFilterChain->run()
#2 C:\xampp\htdocs\yii\framework\web\CController.php(1145): CAccessControlFilter->filter()
#3 C:\xampp\htdocs\yii\framework\web\filters\CInlineFilter.php(58): DispositivoController->filterAccessControl()
#4 C:\xampp\htdocs\yii\framework\web\filters\CFilterChain.php(130): CInlineFilter->filter()
#5 C:\xampp\htdocs\yii\framework\web\CController.php(291): CFilterChain->run()
#6 C:\xampp\htdocs\yii\framework\web\CController.php(265): DispositivoController->runActionWithFilters()
#7 C:\xampp\htdocs\yii\framework\web\CWebApplication.php(282): DispositivoController->run()
#8 C:\xampp\htdocs\yii\framework\web\CWebApplication.php(141): CWebApplication->runController()
#9 C:\xampp\htdocs\yii\framework\base\CApplication.php(180): CWebApplication->processRequest()
#10 C:\xampp\htdocs\inventario\index.php(13): CWebApplication->run()
REQUEST_URI=/inventario/dispositivo/create
in C:\xampp\htdocs\inventario\protected\controllers\DispositivoController.php (73)
in C:\xampp\htdocs\inventario\index.php (13)
2014/10/03 22:37:15 [error] [php] Undefined index: var (C:\xampp\htdocs\inventario\protected\controllers\DispositivoController.php:73)
Stack trace:
#0 C:\xampp\htdocs\yii\framework\web\filters\CFilterChain.php(133): DispositivoController->runAction()
#1 C:\xampp\htdocs\yii\framework\web\filters\CFilter.php(40): CFilterChain->run()
#2 C:\xampp\htdocs\yii\framework\web\CController.php(1145): CAccessControlFilter->filter()
#3 C:\xampp\htdocs\yii\framework\web\filters\CInlineFilter.php(58): DispositivoController->filterAccessControl()
#4 C:\xampp\htdocs\yii\framework\web\filters\CFilterChain.php(130): CInlineFilter->filter()
#5 C:\xampp\htdocs\yii\framework\web\CController.php(291): CFilterChain->run()
#6 C:\xampp\htdocs\yii\framework\web\CController.php(265): DispositivoController->runActionWithFilters()
#7 C:\xampp\htdocs\yii\framework\web\CWebApplication.php(282): DispositivoController->run()
#8 C:\xampp\htdocs\yii\framework\web\CWebApplication.php(141): CWebApplication->runController()
#9 C:\xampp\htdocs\yii\framework\base\CApplication.php(180): CWebApplication->processRequest()
#10 C:\xampp\htdocs\inventario\index.php(13): CWebApplication->run()
REQUEST_URI=/inventario/dispositivo/create
in C:\xampp\htdocs\inventario\protected\controllers\DispositivoController.php (73)
in C:\xampp\htdocs\inventario\index.php (13)
2014/10/03 23:38:51 [error] [exception.CHttpException.404] exception 'CHttpException' with message 'The system is unable to find the requested action "site".' in C:\xampp\htdocs\yii\framework\web\CController.php:483
Stack trace:
#0 C:\xampp\htdocs\yii\framework\web\CController.php(270): CController->missingAction('site')
#1 C:\xampp\htdocs\yii\framework\web\CWebApplication.php(282): CController->run('site')
#2 C:\xampp\htdocs\yii\framework\web\CWebApplication.php(141): CWebApplication->runController('site/site/login')
#3 C:\xampp\htdocs\yii\framework\base\CApplication.php(180): CWebApplication->processRequest()
#4 C:\xampp\htdocs\inventario\index.php(13): CApplication->run()
#5 {main}
REQUEST_URI=/inventario/site/site/login
HTTP_REFERER=http://localhost/inventario/site/index
---
2014/10/03 23:39:19 [error] [php] include(Usuario.php): failed to open stream: No such file or directory (C:\xampp\htdocs\yii\framework\YiiBase.php:427)
Stack trace:
#0 C:\xampp\htdocs\inventario\protected\components\UserIdentity.php(21): spl_autoload_call()
#1 C:\xampp\htdocs\inventario\protected\models\LoginForm.php(66): UserIdentity->authenticate()
#2 C:\xampp\htdocs\inventario\protected\controllers\SiteController.php(102): LoginForm->login()
#3 C:\xampp\htdocs\yii\framework\web\actions\CInlineAction.php(49): SiteController->actionLogin()
#4 C:\xampp\htdocs\yii\framework\web\CController.php(308): CInlineAction->runWithParams()
#5 C:\xampp\htdocs\yii\framework\web\CController.php(286): SiteController->runAction()
#6 C:\xampp\htdocs\yii\framework\web\CController.php(265): SiteController->runActionWithFilters()
#7 C:\xampp\htdocs\yii\framework\web\CWebApplication.php(282): SiteController->run()
#8 C:\xampp\htdocs\yii\framework\web\CWebApplication.php(141): CWebApplication->runController()
#9 C:\xampp\htdocs\yii\framework\base\CApplication.php(180): CWebApplication->processRequest()
#10 C:\xampp\htdocs\inventario\index.php(13): CWebApplication->run()
REQUEST_URI=/inventario/site/login
in C:\xampp\htdocs\inventario\protected\components\UserIdentity.php (21)
in C:\xampp\htdocs\inventario\protected\models\LoginForm.php (66)
in C:\xampp\htdocs\inventario\protected\controllers\SiteController.php (102)
2014/10/03 23:58:57 [error] [exception.CHttpException.404] exception 'CHttpException' with message 'Unable to resolve the request "login".' in C:\xampp\htdocs\yii\framework\web\CWebApplication.php:286
Stack trace:
#0 C:\xampp\htdocs\yii\framework\web\CWebApplication.php(141): CWebApplication->runController('login')
#1 C:\xampp\htdocs\yii\framework\base\CApplication.php(180): CWebApplication->processRequest()
#2 C:\xampp\htdocs\inventario\index.php(13): CApplication->run()
#3 {main}
REQUEST_URI=/inventario/login
HTTP_REFERER=http://localhost/inventario/
---
2014/10/04 00:01:00 [error] [exception.CHttpException.404] exception 'CHttpException' with message 'Unable to resolve the request "login".' in C:\xampp\htdocs\yii\framework\web\CWebApplication.php:286
Stack trace:
#0 C:\xampp\htdocs\yii\framework\web\CWebApplication.php(141): CWebApplication->runController('login')
#1 C:\xampp\htdocs\yii\framework\base\CApplication.php(180): CWebApplication->processRequest()
#2 C:\xampp\htdocs\inventario\index.php(13): CApplication->run()
#3 {main}
REQUEST_URI=/inventario/login
HTTP_REFERER=http://localhost/inventario/
---
